## 同样的SQL, 在函数内调用时就不能走索引, 在函数外直接调用就可以走索引. 元凶是类型不一致?还是数据倾斜?   
                                                              
### 作者                                  
digoal                                  
                                         
### 日期                                       
2024-07-31                                  
                                      
### 标签                                    
PostgreSQL , PolarDB , DuckDB , 类型不一致 , 索引 , 数据倾斜 , 绑定变量 , 函数 , prepare , execute , spi , generic plan cache , custom plan          
                                                             
----                                      
                                                    
## 背景     
老兄弟发来一个诡异的问题: 同样的SQL, 在函数内调用时就不能走索引, 在函数外直接调用就可以走索引.   
  
针对这个问题, 首先要确定在函数内是不是一定不能走索引, 还是偶尔能偶尔不能?    
  
1、偶尔不能走索引, 可能是数据倾斜造成. 因为函数内会使用绑定变量, 当输入变量得到的统计信息套用缓存的执行计划得出的代价比custom avg代价高时, 则会出发生成custom plan.  详细算法请参考: [《执行计划选择算法 与 绑定变量 - PostgreSQL prepared statement: SPI_prepare, prepare|execute COMMAND, PL/pgsql STYLE: custom & generic plan cache》](../201212/20121224_01.md)    
  
2、一定不能走索引, 可能是类型不匹配的问题. 传参/变量类型 没有正确的 被隐式转换为 与索引一致类型. 因为函数内外唯一的差别是, 函数内会使用绑定变量, 函数外要显示的使用绑定变量.    
  
## 复现方法  
1、建表  
```  
create table tbl (pk varchar(9) primary key, info text);  
```  
  
2、外部执行简单的sql, 使用了索引  
```  
explain select * from tbl where pk='123456789';  
  
                             QUERY PLAN                                
---------------------------------------------------------------------  
 Index Scan using tbl_pkey on tbl  (cost=0.15..2.37 rows=1 width=68)  
   Index Cond: ((pk)::text = '123456789'::text)  
(2 rows)  
```  
  
3、创建函数, 注意函数传参类型为char, 而字段类型为varchar/text.  
```  
create or replace function f1(char) returns void as $$  
declare  
  v text;  
begin  
  select info into v from tbl where pk=$1;  
  if found then  
    raise notice 'found pk:% info:%', $1, v;  
  else  
    raise notice 'not found pk:%', $1;  
  end if;  
end;  
$$ language plpgsql strict;  
```  
  
4、使用auto_explain插件观察函数内SQL的执行计划, 用了全表扫描, 没有使用索引.  
```  
load 'auto_explain';  
set auto_explain.log_analyze = 'on';  
set auto_explain.log_min_duration = 0;  
set auto_explain.log_level = notice;  
set auto_explain.log_buffers = 'on';  
set auto_explain.log_settings = 'on';  
set auto_explain.log_verbose = 'on';  
set auto_explain.log_nested_statements = 'on';  
  
  
postgres=# select f1('123456789');  
NOTICE:  duration: 0.012 ms  plan:  
Query Text: select info        from tbl where pk=$1  
Seq Scan on public.tbl  (cost=0.00..20.62 rows=1 width=32) (actual time=0.007..0.008 rows=0 loops=1)  
  Output: info  
  Filter: ((tbl.pk)::bpchar = '123456789'::bpchar)  
Settings: max_parallel_workers_per_gather = '0', random_page_cost = '1.1'  
NOTICE:  not found pk:123456789  
NOTICE:  duration: 0.433 ms  plan:  
Query Text: select f1('123456789');  
Result  (cost=0.00..0.26 rows=1 width=4) (actual time=0.425..0.426 rows=1 loops=1)  
  Output: f1('123456789'::bpchar)  
  Buffers: shared hit=1  
Settings: max_parallel_workers_per_gather = '0', random_page_cost = '1.1'  
 f1   
----  
   
(1 row)  
  
postgres=# select f1('123456789');  
NOTICE:  duration: 0.014 ms  plan:  
Query Text: select info        from tbl where pk=$1  
Seq Scan on public.tbl  (cost=0.00..20.62 rows=1 width=32) (actual time=0.008..0.010 rows=0 loops=1)  
  Output: info  
  Filter: ((tbl.pk)::bpchar = $1)  
Settings: max_parallel_workers_per_gather = '0', random_page_cost = '1.1'  
NOTICE:  not found pk:123456789  
NOTICE:  duration: 0.801 ms  plan:  
Query Text: select f1('123456789');  
Result  (cost=0.00..0.26 rows=1 width=4) (actual time=0.788..0.789 rows=1 loops=1)  
  Output: f1('123456789'::bpchar)  
  Buffers: shared hit=1  
Settings: max_parallel_workers_per_gather = '0', random_page_cost = '1.1'  
 f1   
----  
   
(1 row)  
```  
  
5、将参数改成和字段类型一致即可解决函数内不使用索引的问题  
```  
drop function f1;  
create or replace function f1(text) returns void as $$  
declare  
  v text;  
begin  
  select info into v from tbl where pk=$1;  
  if found then  
    raise notice 'found pk:% info:%', $1, v;  
  else  
    raise notice 'not found pk:%', $1;  
  end if;  
end;  
$$ language plpgsql strict;  
  
  
postgres=# select f1('123456789');  
NOTICE:  duration: 0.016 ms  plan:  
Query Text: select info        from tbl where pk=$1  
Index Scan using tbl_pkey on public.tbl  (cost=0.15..2.37 rows=1 width=32) (actual time=0.012..0.013 rows=0 loops=1)  
  Output: info  
  Index Cond: ((tbl.pk)::text = '123456789'::text)  
  Buffers: shared hit=2  
Settings: max_parallel_workers_per_gather = '0', random_page_cost = '1.1'  
NOTICE:  not found pk:123456789  
NOTICE:  duration: 0.386 ms  plan:  
Query Text: select f1('123456789');  
Result  (cost=0.00..0.26 rows=1 width=4) (actual time=0.380..0.380 rows=1 loops=1)  
  Output: f1('123456789'::text)  
  Buffers: shared hit=3  
Settings: max_parallel_workers_per_gather = '0', random_page_cost = '1.1'  
 f1   
----  
   
(1 row)  
  
postgres=# select f1('123456789');  
NOTICE:  duration: 0.030 ms  plan:  
Query Text: select info        from tbl where pk=$1  
Index Scan using tbl_pkey on public.tbl  (cost=0.15..2.37 rows=1 width=32) (actual time=0.025..0.026 rows=0 loops=1)  
  Output: info  
  Index Cond: ((tbl.pk)::text = $1)  
  Buffers: shared hit=2  
Settings: max_parallel_workers_per_gather = '0', random_page_cost = '1.1'  
NOTICE:  not found pk:123456789  
NOTICE:  duration: 0.903 ms  plan:  
Query Text: select f1('123456789');  
Result  (cost=0.00..0.26 rows=1 width=4) (actual time=0.892..0.892 rows=1 loops=1)  
  Output: f1('123456789'::text)  
  Buffers: shared hit=3  
Settings: max_parallel_workers_per_gather = '0', random_page_cost = '1.1'  
 f1   
----  
   
(1 row)  
```  
  
6、我们来看一下类型转换, 因为有一些情况类型是可以隐转, 有一些不可以  
```  
postgres=# \dC *.*  
  
                                             List of casts  
         Source type         |         Target type         |         Function          |   Implicit?     
-----------------------------+-----------------------------+---------------------------+---------------  
 character                   | "char"                      | char                      | in assignment  
 character                   | character                   | bpchar                    | yes  
 character                   | character varying           | text                      | yes  // 这个  
 character                   | name                        | name                      | yes  
 character                   | text                        | text                      | yes  
 character                   | xml                         | xml                       | no  
  
  
postgres=# select * from pg_cast where castsource='char'::regtype and casttarget='text'::regtype;  
  oid  | castsource | casttarget | castfunc | castcontext | castmethod   
-------+------------+------------+----------+-------------+------------  
 10127 |       1042 |         25 |      401 | i           | f  
(1 row)   
```  
  
可以看到char到text的转换是用的text函数, 如果你的函数参数类型不变, 在里面使用text转一下也可以解决索引问题.    
```  
drop function f1;  
create or replace function f1(char) returns void as $$  
declare  
  v text;  
begin  
  select info into v from tbl where pk=text($1);  -- 强制转换char to text  
  if found then  
    raise notice 'found pk:% info:%', $1, v;  
  else  
    raise notice 'not found pk:%', $1;  
  end if;  
end;  
$$ language plpgsql strict;  
  
  
postgres=# select f1('123456789');  
NOTICE:  duration: 0.019 ms  plan:  
Query Text: select info        from tbl where pk=text($1)  
Index Scan using tbl_pkey on public.tbl  (cost=0.15..2.37 rows=1 width=32) (actual time=0.014..0.015 rows=0 loops=1)  
  Output: info  
  Index Cond: ((tbl.pk)::text = '123456789'::text)  
  Buffers: shared hit=2  
Settings: max_parallel_workers_per_gather = '0', random_page_cost = '1.1'  
NOTICE:  not found pk:123456789  
NOTICE:  duration: 0.504 ms  plan:  
Query Text: select f1('123456789');  
Result  (cost=0.00..0.26 rows=1 width=4) (actual time=0.493..0.494 rows=1 loops=1)  
  Output: f1('123456789'::bpchar)  
  Buffers: shared hit=3  
Settings: max_parallel_workers_per_gather = '0', random_page_cost = '1.1'  
 f1   
----  
   
(1 row)  
  
postgres=# select f1('123456789');  
NOTICE:  duration: 0.030 ms  plan:  
Query Text: select info        from tbl where pk=text($1)  
Index Scan using tbl_pkey on public.tbl  (cost=0.15..2.37 rows=1 width=32) (actual time=0.025..0.026 rows=0 loops=1)  
  Output: info  
  Index Cond: ((tbl.pk)::text = text($1))  
  Buffers: shared hit=2  
Settings: max_parallel_workers_per_gather = '0', random_page_cost = '1.1'  
NOTICE:  not found pk:123456789  
NOTICE:  duration: 0.890 ms  plan:  
Query Text: select f1('123456789');  
Result  (cost=0.00..0.26 rows=1 width=4) (actual time=0.877..0.878 rows=1 loops=1)  
  Output: f1('123456789'::bpchar)  
  Buffers: shared hit=3  
Settings: max_parallel_workers_per_gather = '0', random_page_cost = '1.1'  
 f1   
----  
   
(1 row)  
```  
  
  
使用prepare绑定变量也能复现以上函数问题  
```  
postgres=# prepare a (char) as select * from tbl where pk=$1;  
PREPARE  
  
postgres=# explain execute a('123456789');  
                     QUERY PLAN                        
-----------------------------------------------------  
 Seq Scan on tbl  (cost=0.00..20.62 rows=1 width=68)  
   Filter: ((pk)::bpchar = '123456789'::bpchar)  
(2 rows)  
  
postgres=# explain execute a('123456789');  
                     QUERY PLAN                        
-----------------------------------------------------  
 Seq Scan on tbl  (cost=0.00..20.62 rows=1 width=68)  
   Filter: ((pk)::bpchar = $1)  
(2 rows)  
```  
  
## 参考  
  
https://www.postgresql.org/docs/current/catalog-pg-cast.html  
  
[《PostgreSQL 整型int与布尔boolean的自动转换设置(含自定义cast与cast规则介绍)》](../201801/20180131_01.md)    
  
[《PostgreSQL 自定义自动类型转换(CAST)》](../201710/20171013_03.md)    
  
[《执行计划选择算法 与 绑定变量 - PostgreSQL prepared statement: SPI_prepare, prepare|execute COMMAND, PL/pgsql STYLE: custom & generic plan cache》](../201212/20121224_01.md)  
  
  
#### [期望 PostgreSQL|开源PolarDB 增加什么功能?](https://github.com/digoal/blog/issues/76 "269ac3d1c492e938c0191101c7238216")
  
  
#### [PolarDB 开源数据库](https://openpolardb.com/home "57258f76c37864c6e6d23383d05714ea")
  
  
#### [PolarDB 学习图谱](https://www.aliyun.com/database/openpolardb/activity "8642f60e04ed0c814bf9cb9677976bd4")
  
  
#### [购买PolarDB云服务折扣活动进行中, 55元起](https://www.aliyun.com/activity/new/polardb-yunparter?userCode=bsb3t4al "e0495c413bedacabb75ff1e880be465a")
  
  
#### [PostgreSQL 解决方案集合](../201706/20170601_02.md "40cff096e9ed7122c512b35d8561d9c8")
  
  
#### [德哥 / digoal's Github - 公益是一辈子的事.](https://github.com/digoal/blog/blob/master/README.md "22709685feb7cab07d30f30387f0a9ae")
  
  
#### [About 德哥](https://github.com/digoal/blog/blob/master/me/readme.md "a37735981e7704886ffd590565582dd0")
  
  
![digoal's wechat](../pic/digoal_weixin.jpg "f7ad92eeba24523fd47a6e1a0e691b59")
  
