## AI大模型+全文检索+tf-idf+向量数据库+我的文章 系列之1 - 低配macbook成功跑AI大模型`LLama3:8b`, 感谢ollama 
                                                                  
### 作者                                      
digoal                                      
                                             
### 日期                                           
2024-07-18                                  
                                          
### 标签                                        
PostgreSQL , PolarDB , DuckDB , AI , macOS , ollama , docker          
                                                                 
----                                          
                                                        
## 背景    
系列文章: 
- [《AI大模型+全文检索+tf-idf+向量数据库+我的文章 系列之5 - 在 Apple Silicon Mac 上微调(fine-tuning)大型语言模型(LLM) 并发布GGUF 》](../202407/20240724_01.md)      
- [《AI大模型+全文检索+tf-idf+向量数据库+我的文章 系列之4 - RAG 自动提示微调(prompt tuning)》](../202407/20240723_01.md)       
- [《AI大模型+全文检索+tf-idf+向量数据库+我的文章 系列之3 - 微调后, 我的数字人变聪明了》](../202407/20240722_01.md)       
- [《AI大模型+全文检索+tf-idf+向量数据库+我的文章 系列之2 - 我的数字人: 4000余篇github blog文章投喂大模型中》](../202407/20240719_01.md)      
- [《AI大模型+全文检索+tf-idf+向量数据库+我的文章 系列之1 - 低配macbook成功跑AI大模型`LLama3:8b`, 感谢ollama》](../202407/20240718_01.md)      
  
我的macbook算是比较低配了吧? M2芯片, 16G内存, 512G磁盘, 系统版本`13.2.1`. 值得庆幸的是macbook 的内存是cpu gpu共享的, 所以这个配置意味着GPU最多能用到16G(理论值). 后来又拿几年前intel芯片的mbp试了一下, 也可以跑起来, CPU跑满风扇狂转, 性能也不怎么样(1秒3个字左右).      
  
另外需要感谢ollama, 在macOS上实在是太好用了, 而且支持加载各种大模型. 通过ollama拉起大模型有点像通过docker image创建容器的感觉, 非常便利, 怪不得现在这个开源项目已经有79k star.  
  
## 例子  
1、下载ollama for macos. 解压后把ollama应用目录移动到mac的application目录中即可.    
  
https://ollama.com/  
  
https://github.com/ollama/ollama  
  
命令行帮助说明  
```  
ollama --help  
Large language model runner  
  
Usage:  
  ollama [flags]  
  ollama [command]  
  
Available Commands:  
  serve       Start ollama  
  create      Create a model from a Modelfile  
  show        Show information for a model  
  run         Run a model  
  pull        Pull a model from a registry  
  push        Push a model to a registry  
  list        List models  
  ps          List running models  
  cp          Copy a model  
  rm          Remove a model  
  help        Help about any command  
  
Flags:  
  -h, --help      help for ollama  
  -v, --version   Show version information  
  
Use "ollama [command] --help" for more information about a command.  
```  
  
2、拉取一个小于内存, 本地能跑的模型.  
  
https://ollama.com/library  
  
  
`llama3:8b` 约4.7G, 可以跑起来  
```  
U-4G77XXWF-1921:~ digoal$ ollama pull llama3:8b  
pulling manifest   
pulling 6a0746a1ec1a... 100% ▕██████████████████████████████████████████████████████████████████████████████████████████████████████████████████████████████████████████▏ 4.7 GB                           
pulling 4fa551d4f938... 100% ▕██████████████████████████████████████████████████████████████████████████████████████████████████████████████████████████████████████████▏  12 KB                           
pulling 8ab4849b038c... 100% ▕██████████████████████████████████████████████████████████████████████████████████████████████████████████████████████████████████████████▏  254 B                           
pulling 577073ffcc6c... 100% ▕██████████████████████████████████████████████████████████████████████████████████████████████████████████████████████████████████████████▏  110 B                           
pulling 3f8eb4da87fa... 100% ▕██████████████████████████████████████████████████████████████████████████████████████████████████████████████████████████████████████████▏  485 B                           
verifying sha256 digest   
writing manifest   
removing any unused layers   
success   
```  
  
3、运行本地模型  
  
```  
U-4G77XXWF-1921:~ digoal$ ollama list  
NAME     	ID          	SIZE  	MODIFIED             
llama3:8b	365c0bd3c000	4.7 GB	About a minute ago  
  
  
U-4G77XXWF-1921:~ digoal$ ollama run llama3:8b  
>>> Send a message (/? for help)  
```  
  
4、考考他, 看看回答速度如何?  
  
```  
>>> 请使用中文回答: 简单介绍一下阿里云PolarDB云原生分布式数据库.  
😊  
  
阿里云PolarDB是一款云原生分布式数据库，于2019年推出。它是阿里巴巴集团自主研发的cloud-native分布式关系数据库，可以支持大规模数据存储和处理。PolarDB具备以下特点：  
  
1. **Cloud-Native**：PolarDB 是一款云原生产品，完全基于云计算架构，无需用户维护底层硬件。  
2. **Distributed Architecture**：PolarDB 使用分布式架构，可以根据实际需求动态扩展和调整存储和计算资源。  
3. **Relational Database**：PolarDB 是关系数据库，支持标准SQL语言，可以与其他数据库集成。  
4. **High Availability and Durability**：PolarDB 具有高可用性和数据持久性，可以在出现故障时自动切换到备用节点，以确保业务连续性。  
5. **Scalable Performance**：PolarDB 具有可扩展的性能，可以根据实际需求动态调整计算资源，提高应用程序性能。  
  
使用PolarDB可以解决以下问题：  
  
1. 数据存储和处理需求不断增长的问题。  
2. 分布式系统架构设计和实现问题。  
3. 业务数据安全和高可用性问题。  
  
总的来说，PolarDB 是一款功能强大且灵活的云原生分布式数据库，可以满足复杂应用程序的存储和处理需求。  
```  
  
请使用中文回答(但是SQL text不要使用中文), 输出为markdown格式: 请编写一个postgresql例子, 反映btree,hash,brin,bloom,gist,spgist各个索引接口的差异. 再加一些查询和explain反映使用到这些索引的例子, 最后做个总结, 什么时候使用什么索引.  
  
# PostgreSQL 索引示例  
### 使用 BTREE 索引  
```sql  
CREATE TABLE employees (  
    id INT PRIMARY KEY,  
    name VARCHAR(50),  
    age INT  
);  
  
CREATE INDEX idx_name ON employees USING BTREE (name);  
```  
BTREE 索引是最常用的索引类型，用于处理EQ、NEQ、LT、LE、GT、GE、IN、NOT IN 等查询。  
  
### 查询示例  
```sql  
SELECT * FROM employees WHERE name = 'John';  
```  
Explain:  
```sql  
EXPLAIN SELECT * FROM employees WHERE name = 'John';  
```  
结果：  
```  
"Index Scan using idx_name on employees  (cost=0.29..8.28 rows=1 width=64) (actual time=0.021..0.021 rows=1 loops=1)"  
```  
可以看到，PostgreSQL 使用 BTREE 索引来查找 name='John' 的记录。  
  
### 使用 HASH 索引  
```sql  
CREATE TABLE orders (  
    id INT PRIMARY KEY,  
    customer_id INT NOT NULL,  
    total DECIMAL(10, 2)  
);  
  
CREATE INDEX idx_customer_id ON orders USING HASH (customer_id);  
```  
HASH 索引用于快速查找单个值，通常用于 IN、NOT IN 等查询。  
  
### 查询示例  
```sql  
SELECT * FROM orders WHERE customer_id = 123;  
```  
Explain:  
```sql  
EXPLAIN SELECT * FROM orders WHERE customer_id = 123;  
```  
结果：  
```  
"Index Only Scan using idx_customer_id on orders  (cost=0.29..8.28 rows=1 width=64) (actual time=0.021..0.021 rows=1 loops=1)"  
```  
可以看到，PostgreSQL 使用 HASH 索引来快速查找 customer_id=123 的记录。  
  
### 使用 BRIN 索引  
```sql  
CREATE TABLE sensor_data (  
    id INT PRIMARY KEY,  
    timestamp TIMESTAMP NOT NULL,  
    value DECIMAL(10, 2)  
);  
  
CREATE INDEX idx_timestamp ON sensor_data USING BRIN (timestamp);  
```  
BRIN 索引用于快速查找范围查询，通常用于时间戳或日期范围查询。  
  
### 查询示例  
```sql  
SELECT * FROM sensor_data WHERE timestamp BETWEEN '2020-01-01' AND '2020-12-31';  
```  
Explain:  
```sql  
EXPLAIN SELECT * FROM sensor_data WHERE timestamp BETWEEN '2020-01-01' AND '2020-12-31';  
```  
结果：  
```  
"BRIN Scan using idx_timestamp on sensor_data  (cost=0.29..8.28 rows=100 width=64) (actual time=0.021..0.021 rows=100 loops=1)"  
```  
可以看到，PostgreSQL 使用 BRIN 索引来快速查找 timestamp 在指定范围内的记录。  
  
### 使用 BLOOM 索引  
```sql  
CREATE TABLE products (  
    id INT PRIMARY KEY,  
    category VARCHAR(50),  
    price DECIMAL(10, 2)  
);  
  
CREATE INDEX idx_category ON products USING BLOOM (category);  
```  
BLOOM 索引用于快速查找多个值，通常用于LIKE、IN、NOT IN 等查询。  
  
### 查询示例  
```sql  
SELECT * FROM products WHERE category LIKE '%electronics%';  
```  
Explain:  
```sql  
EXPLAIN SELECT * FROM products WHERE category LIKE '%electronics%';  
```  
结果：  
```  
"Bloom Scan using idx_category on products  (cost=0.29..8.28 rows=100 width=64) (actual time=0.021..0.021 rows=100 loops=1)"  
```  
可以看到，PostgreSQL 使用 BLOOM 索引来快速查找 category 中包含 'electronics' 的记录。  
  
### 使用 GIST 索引  
```sql  
CREATE TABLE shapes (  
    id INT PRIMARY KEY,  
    shape geometry NOT NULL  
);  
  
CREATE INDEX idx_shape ON shapes USING GIST (shape, gist_index);  
```  
GIST 索引用于处理空间数据，通常用于 GIS 应用程序。  
  
### 查询示例  
```sql  
SELECT * FROM shapes WHERE ST_DWithin(shape, 'POINT(1 2)', 10);  
```  
Explain:  
```sql  
EXPLAIN SELECT * FROM shapes WHERE ST_DWithin(shape, 'POINT(1 2)', 10);  
```  
结果：  
```  
"GIST Scan using idx_shape on shapes  (cost=0.29..8.28 rows=100 width=64) (actual time=0.021..0.021 rows=100 loops=1)"  
```  
可以看到，PostgreSQL 使用 GIST 索引来快速查找 shape 中包含指定点的记录。  
  
### 使用 SPGIST 索引  
```sql  
CREATE TABLE paths (  
    id INT PRIMARY KEY,  
    path geometry NOT NULL  
);  
  
CREATE INDEX idx_path ON paths USING SPGIST (path, spgist_index);  
```  
SPGIST 索引用于处理空间路径数据，通常用于 GIS 应用程序。  
  
### 查询示例  
```sql  
SELECT * FROM paths WHERE ST_DWithin(path, 'LINESTRING(0 0, 1 1)', 10);  
```  
Explain:  
```sql  
EXPLAIN SELECT * FROM paths WHERE ST_DWithin(path, 'LINESTRING(0 0, 1 1)', 10);  
```  
结果：  
```  
"SPGIST Scan using idx_path on paths  (cost=0.29..8.28 rows=100 width=64) (actual time=0.021..0.021 rows=100 loops=1)"  
```  
可以看到，PostgreSQL 使用 SPGIST 索引来快速查找 path 中包含指定路径的记录。  
  
总结：  
  
* BTREE 索引用于等值查询和范围查询  
* HASH 索引用于 IN 和 NOT IN 查询  
* BRIN 索引用于范围查询  
* BLOOM 索引用于多个值查询  
* GIST 索引用于空间数据查询  
* SPGIST 索引用于空间路径数据查询  
  
选择合适的索引类型，能够提高数据库性能和查询效率。  
  
## 试试phi3:medium模型
```
5c1bf480a210:~ digoal$ ollama run phi3:medium
```
   
>>> 请举例说明PostgreSQL几种索引的原理和使用方法, 包括btree, hash, gin, gist, sp-gist, brin, bloom这几种索引. 请使用中文回答
  
    
PostgreSQL提供多种类型的索引，每种都有其特定的原理和应用场景。以下是一些常见的PostgreSQL索引类型及其工作原理和使用方法：

1. B-Tree 索引（btree）:
    - 原理：B-Tree是一种平衡树结构，每个节点都存储多条记录。这种结构可以提供高效的查询性能，因为它保证了最大限度地减少了需要扫描的数据量。
    - 使用方法：btree索引通常用于主键和WHERE子句中的字段上，以优化查询性能。例如: CREATE INDEX idx_users_name ON users (name) USING btree;

2. 哈希索引（hash）:
    - 原理：这种类型的索引使用哈希函数将值映射到一个固定大小的散列，从而提高了查询性能。但是，它们只适用于等式筛选操作，不支持比较运算符（如<, >）或BETWEEN子句。
    - 使用方法：CREATE INDEX idx_users_email ON users (email) USING hash;

3. GIN索引（gin）:
    - 原理：GIN是一种多值字段的索引，通常用于JSONB、文本数据和其他类似结构上。它可以高效地检查包含在给定文档中的元素或子序列的存在性。
    - 使用方法：CREATE INDEX idx_users_data ON users USING gin (jsonb_column);

4. GIST（GiST）:
    - 原理：GIS特征空间索引(GiST)是一种灵活的索引，适用于棋盘状、距离度量和其他复杂结构。常用于地理空间数据和文本数据上。
    - 使用方法：CREATE INDEX idx_users_location ON users USING gist (geography_column);

5. SP-GIST（SP-GiST）:
    - 原理：这种类型的索引是一个划分树结构，适用于支持空间查询和多值字段。例如，可以用于地理空间数据或文本数据上。
    - 使用方法：CREATE INDEX idx_users_geo ON users USING spgist (geography_column);

6. BRIN（Block Range Indexes）:
    - 原理：BRIN索引是一种基于块范围的排序方法，适用于大型表中连续或相关数据。它通过存储每个区域内最小和最大值来优化索引查询性能。
    - 使用方法：CREATE INDEX idx_users_date ON users USING brin (timestamp_column);

7. Bloom Filter:
   - 原理：Bloom Filter是一种有概率的数据结构，可以确定元素是否在集合中。它可以用于优化远程查询或分布式系统中的查询操作。
   - 使用方法：CREATE INDEX idx_users_email ON users USING bloom (email);

这些索引类型可以根据具体需求和数据结构选择合适的索引，提高查询效率。
   
   
   
## 小结  
1、使用ollama可以非常方便的在M芯片系列的mac上跑AI大模型.     
  
2、速度很快, 一秒20个字左右吧(M2芯片, 16G内存, 512G磁盘).     
  
3、`llama3:8b` 下载4.7G, 实际内存消耗可能小一点, 因为我配置了内存压缩, 可能有一定的作用. 参考:     
- [《禁用 MacOS 的 Swap 分区 - 实测真实有效》](../202212/20221207_01.md)    
    
4、结果大家可以多测试一下, 反正里面很多错误, 千万别当真. 例如bloom的例子有问题, hash也不能用于not in. 不过能跑起来已经很有趣了. 未来有好的硬件可以试试更大参数量的模型, 或者进行一些微调.   
   
## 参考  
https://ollama.com/  
  
https://cloud.tencent.com/developer/article/2412384  
  
https://www.cybertec-postgresql.com/en/using-ai-to-generate-data-structures/  
  
https://github.com/ollama/ollama  
  
https://github.com/mindsdb/mindsdb  
    
  
#### [期望 PostgreSQL|开源PolarDB 增加什么功能?](https://github.com/digoal/blog/issues/76 "269ac3d1c492e938c0191101c7238216")
  
  
#### [PolarDB 开源数据库](https://openpolardb.com/home "57258f76c37864c6e6d23383d05714ea")
  
  
#### [PolarDB 学习图谱](https://www.aliyun.com/database/openpolardb/activity "8642f60e04ed0c814bf9cb9677976bd4")
  
  
#### [购买PolarDB云服务折扣活动进行中, 55元起](https://www.aliyun.com/activity/new/polardb-yunparter?userCode=bsb3t4al "e0495c413bedacabb75ff1e880be465a")
  
  
#### [PostgreSQL 解决方案集合](../201706/20170601_02.md "40cff096e9ed7122c512b35d8561d9c8")
  
  
#### [德哥 / digoal's Github - 公益是一辈子的事.](https://github.com/digoal/blog/blob/master/README.md "22709685feb7cab07d30f30387f0a9ae")
  
  
#### [About 德哥](https://github.com/digoal/blog/blob/master/me/readme.md "a37735981e7704886ffd590565582dd0")
  
  
![digoal's wechat](../pic/digoal_weixin.jpg "f7ad92eeba24523fd47a6e1a0e691b59")
  
